[2025-04-02 15:18:27,419: INFO: main: Welcome to my log]
[2025-04-07 20:27:18,216: INFO: comman: yaml file: config\config.yaml loaded successfully]
[2025-04-07 20:27:18,231: INFO: comman: yaml file: params.yaml loaded successfully]
[2025-04-07 20:27:18,231: INFO: comman: created directory at: artifacts]
[2025-04-07 20:27:18,231: INFO: comman: created directory at: artifacts/data_ingestion]
[2025-04-07 20:27:18,231: INFO: 986331348: Downloading data from https://drive.google.com/file/d/1vlhZ5c7abUKF8xXERIw6m9Te8fW7ohw3/view?usp=sharing into file artifacts/data_ingestion/data.zip]
[2025-04-07 20:28:18,323: INFO: 986331348: Downloaded data from https://drive.google.com/file/d/1vlhZ5c7abUKF8xXERIw6m9Te8fW7ohw3/view?usp=sharing into file artifacts/data_ingestion/data.zip]
[2025-04-08 17:14:05,563: INFO: main: >>>>>> stage Data Ingestion stage started <<<<<<]
[2025-04-08 17:14:05,579: INFO: comman: yaml file: config\config.yaml loaded successfully]
[2025-04-08 17:14:05,591: INFO: comman: yaml file: params.yaml loaded successfully]
[2025-04-08 17:14:05,591: INFO: comman: created directory at: artifacts]
[2025-04-08 17:14:05,591: INFO: comman: created directory at: artifacts/data_ingestion]
[2025-04-08 17:14:05,591: INFO: data_ingestion: Downloading data from https://drive.google.com/file/d/1vlhZ5c7abUKF8xXERIw6m9Te8fW7ohw3/view?usp=sharing into file artifacts/data_ingestion/data.zip]
[2025-04-08 17:14:36,586: INFO: data_ingestion: Downloaded data from https://drive.google.com/file/d/1vlhZ5c7abUKF8xXERIw6m9Te8fW7ohw3/view?usp=sharing into file artifacts/data_ingestion/data.zip]
[2025-04-08 17:14:37,300: INFO: main: >>>>>> stage Data Ingestion stage completed <<<<<<

x==========x]
[2025-04-08 19:08:22,933: INFO: comman: yaml file: config\config.yaml loaded successfully]
[2025-04-08 19:08:22,952: INFO: comman: yaml file: params.yaml loaded successfully]
[2025-04-08 19:08:22,958: INFO: comman: created directory at: artifacts]
[2025-04-08 19:09:24,109: INFO: comman: yaml file: config\config.yaml loaded successfully]
[2025-04-08 19:09:24,111: INFO: comman: yaml file: params.yaml loaded successfully]
[2025-04-08 19:09:24,111: INFO: comman: created directory at: artifacts]
[2025-04-08 19:10:35,335: INFO: comman: yaml file: config\config.yaml loaded successfully]
[2025-04-08 19:10:35,340: INFO: comman: yaml file: params.yaml loaded successfully]
[2025-04-08 19:10:35,340: INFO: comman: created directory at: artifacts]
[2025-04-08 19:12:21,579: INFO: comman: yaml file: config\config.yaml loaded successfully]
[2025-04-08 19:12:21,579: INFO: comman: yaml file: params.yaml loaded successfully]
[2025-04-08 19:12:21,587: INFO: comman: created directory at: artifacts]
[2025-04-08 19:14:37,166: INFO: comman: yaml file: config\config.yaml loaded successfully]
[2025-04-08 19:14:37,177: INFO: comman: yaml file: params.yaml loaded successfully]
[2025-04-08 19:14:37,179: INFO: comman: created directory at: artifacts]
[2025-04-08 19:15:28,816: INFO: comman: yaml file: config\config.yaml loaded successfully]
[2025-04-08 19:15:28,816: INFO: comman: yaml file: params.yaml loaded successfully]
[2025-04-08 19:15:28,816: INFO: comman: created directory at: artifacts]
[2025-04-08 19:20:32,197: INFO: comman: yaml file: config\config.yaml loaded successfully]
[2025-04-08 19:20:32,203: INFO: comman: yaml file: params.yaml loaded successfully]
[2025-04-08 19:20:32,203: INFO: comman: created directory at: artifacts]
[2025-04-08 19:53:36,517: INFO: comman: yaml file: config\config.yaml loaded successfully]
[2025-04-08 19:53:36,524: INFO: comman: yaml file: params.yaml loaded successfully]
[2025-04-08 19:53:36,525: INFO: comman: created directory at: artifacts]
[2025-04-08 20:24:02,248: INFO: comman: yaml file: config\config.yaml loaded successfully]
[2025-04-08 20:24:02,279: INFO: comman: yaml file: params.yaml loaded successfully]
[2025-04-08 20:24:02,292: INFO: comman: created directory at: artifacts]
[2025-04-08 20:24:02,294: INFO: comman: created directory at: artifacts/prepare_base_model]
[2025-04-08 20:24:03,156: WARNING: saving_api: You are saving your model as an HDF5 file via `model.save()` or `keras.saving.save_model(model)`. This file format is considered legacy. We recommend using instead the native Keras format, e.g. `model.save('my_model.keras')` or `keras.saving.save_model(model, 'my_model.keras')`. ]
[2025-04-08 20:24:03,465: WARNING: saving_api: You are saving your model as an HDF5 file via `model.save()` or `keras.saving.save_model(model)`. This file format is considered legacy. We recommend using instead the native Keras format, e.g. `model.save('my_model.keras')` or `keras.saving.save_model(model, 'my_model.keras')`. ]
[2025-04-08 20:58:18,656: INFO: comman: yaml file: config\config.yaml loaded successfully]
[2025-04-08 20:58:18,694: INFO: comman: yaml file: params.yaml loaded successfully]
[2025-04-08 20:58:18,696: INFO: comman: created directory at: artifacts]
[2025-04-08 20:58:18,700: INFO: comman: created directory at: artifacts/prepare_base_model]
[2025-04-08 20:58:19,220: WARNING: saving_api: You are saving your model as an HDF5 file via `model.save()` or `keras.saving.save_model(model)`. This file format is considered legacy. We recommend using instead the native Keras format, e.g. `model.save('my_model.keras')` or `keras.saving.save_model(model, 'my_model.keras')`. ]
[2025-04-08 20:58:19,406: WARNING: saving_api: You are saving your model as an HDF5 file via `model.save()` or `keras.saving.save_model(model)`. This file format is considered legacy. We recommend using instead the native Keras format, e.g. `model.save('my_model.keras')` or `keras.saving.save_model(model, 'my_model.keras')`. ]
[2025-04-08 21:06:57,488: INFO: comman: yaml file: config\config.yaml loaded successfully]
[2025-04-08 21:06:57,496: INFO: comman: yaml file: params.yaml loaded successfully]
[2025-04-08 21:06:57,496: INFO: comman: created directory at: artifacts]
[2025-04-08 21:06:57,496: INFO: comman: created directory at: artifacts/prepare_base_model]
[2025-04-08 21:06:57,875: WARNING: saving_api: You are saving your model as an HDF5 file via `model.save()` or `keras.saving.save_model(model)`. This file format is considered legacy. We recommend using instead the native Keras format, e.g. `model.save('my_model.keras')` or `keras.saving.save_model(model, 'my_model.keras')`. ]
[2025-04-08 21:06:58,046: WARNING: saving_api: You are saving your model as an HDF5 file via `model.save()` or `keras.saving.save_model(model)`. This file format is considered legacy. We recommend using instead the native Keras format, e.g. `model.save('my_model.keras')` or `keras.saving.save_model(model, 'my_model.keras')`. ]
[2025-04-08 21:31:24,168: INFO: main: >>>>>> stage Data Ingestion stage started <<<<<<]
[2025-04-08 21:31:24,173: INFO: comman: yaml file: config\config.yaml loaded successfully]
[2025-04-08 21:31:24,173: INFO: comman: yaml file: params.yaml loaded successfully]
[2025-04-08 21:31:24,173: INFO: comman: created directory at: artifacts]
[2025-04-08 21:31:24,177: INFO: comman: created directory at: artifacts/data_ingestion]
[2025-04-08 21:31:24,177: INFO: data_ingestion: Downloading data from https://drive.google.com/file/d/1vlhZ5c7abUKF8xXERIw6m9Te8fW7ohw3/view?usp=sharing into file artifacts/data_ingestion/data.zip]
[2025-04-08 21:41:12,843: INFO: data_ingestion: Downloaded data from https://drive.google.com/file/d/1vlhZ5c7abUKF8xXERIw6m9Te8fW7ohw3/view?usp=sharing into file artifacts/data_ingestion/data.zip]
[2025-04-08 21:41:13,653: INFO: main: >>>>>> stage Data Ingestion stage completed <<<<<<

x==========x]
[2025-04-08 21:41:13,653: INFO: main: *******************]
[2025-04-08 21:41:13,653: INFO: main: >>>>>> stage Prepare base model started <<<<<<]
[2025-04-08 21:41:13,666: INFO: comman: yaml file: config\config.yaml loaded successfully]
[2025-04-08 21:41:13,669: INFO: comman: yaml file: params.yaml loaded successfully]
[2025-04-08 21:41:13,669: INFO: comman: created directory at: artifacts]
[2025-04-08 21:41:13,672: INFO: comman: created directory at: artifacts/prepare_base_model]
[2025-04-08 21:41:14,295: WARNING: saving_api: You are saving your model as an HDF5 file via `model.save()` or `keras.saving.save_model(model)`. This file format is considered legacy. We recommend using instead the native Keras format, e.g. `model.save('my_model.keras')` or `keras.saving.save_model(model, 'my_model.keras')`. ]
[2025-04-08 21:41:14,510: WARNING: saving_api: You are saving your model as an HDF5 file via `model.save()` or `keras.saving.save_model(model)`. This file format is considered legacy. We recommend using instead the native Keras format, e.g. `model.save('my_model.keras')` or `keras.saving.save_model(model, 'my_model.keras')`. ]
[2025-04-08 21:41:14,671: INFO: main: >>>>>> stage Prepare base model completed <<<<<<

x==========x]
[2025-04-08 21:52:15,453: INFO: main: >>>>>> stage Data Ingestion stage started <<<<<<]
[2025-04-08 21:52:15,453: INFO: comman: yaml file: config\config.yaml loaded successfully]
[2025-04-08 21:52:15,453: INFO: comman: yaml file: params.yaml loaded successfully]
[2025-04-08 21:52:15,453: INFO: comman: created directory at: artifacts]
[2025-04-08 21:52:15,453: INFO: comman: created directory at: artifacts/data_ingestion]
[2025-04-08 21:52:15,453: INFO: data_ingestion: Downloading data from https://drive.google.com/file/d/1vlhZ5c7abUKF8xXERIw6m9Te8fW7ohw3/view?usp=sharing into file artifacts/data_ingestion/data.zip]
[2025-04-08 21:56:57,546: INFO: data_ingestion: Downloaded data from https://drive.google.com/file/d/1vlhZ5c7abUKF8xXERIw6m9Te8fW7ohw3/view?usp=sharing into file artifacts/data_ingestion/data.zip]
[2025-04-08 21:56:58,457: INFO: main: >>>>>> stage Data Ingestion stage completed <<<<<<

x==========x]
[2025-04-08 21:56:58,457: INFO: main: *******************]
[2025-04-08 21:56:58,457: INFO: main: >>>>>> stage Prepare base model started <<<<<<]
[2025-04-08 21:56:58,457: INFO: comman: yaml file: config\config.yaml loaded successfully]
[2025-04-08 21:56:58,457: INFO: comman: yaml file: params.yaml loaded successfully]
[2025-04-08 21:56:58,457: INFO: comman: created directory at: artifacts]
[2025-04-08 21:56:58,457: INFO: comman: created directory at: artifacts/prepare_base_model]
[2025-04-08 21:56:59,120: WARNING: saving_api: You are saving your model as an HDF5 file via `model.save()` or `keras.saving.save_model(model)`. This file format is considered legacy. We recommend using instead the native Keras format, e.g. `model.save('my_model.keras')` or `keras.saving.save_model(model, 'my_model.keras')`. ]
[2025-04-08 21:56:59,393: WARNING: saving_api: You are saving your model as an HDF5 file via `model.save()` or `keras.saving.save_model(model)`. This file format is considered legacy. We recommend using instead the native Keras format, e.g. `model.save('my_model.keras')` or `keras.saving.save_model(model, 'my_model.keras')`. ]
[2025-04-08 21:56:59,627: INFO: main: >>>>>> stage Prepare base model completed <<<<<<

x==========x]
